# JRE version: Java(TM) SE Runtime Environment (25.0.1+8) (build 25.0.1+8-LTS-27)
# Java VM: Java HotSpot(TM) 64-Bit Server VM (25.0.1+8-LTS-27, mixed mode, sharing, tiered, compressed oops, compressed class ptrs, g1 gc, windows-amd64)
GC Precious Log:
 CardTable entry size: 512
 Card Set container configuration: InlinePtr #cards 5 size 8 Array Of Cards #cards 10 size 36 Howl #buckets 4 coarsen threshold 1843 Howl Bitmap #cards 512 size 80 coarsen threshold 460 Card regions per heap region 1 cards per card region 2048
 CPUs: 8 total, 8 available
 Memory: 7955M
 Large Page Support: Disabled
 NUMA Support: Disabled
 Compressed Oops: Enabled (32-bit)
 Heap Region Size: 1M
 Heap Min Capacity: 8M
 Heap Initial Capacity: 126M
 Heap Max Capacity: 1990M
 Pre-touch: Disabled
 Parallel Workers: 8
 Concurrent Workers: 2
 Concurrent Refinement Workers: 8
 Periodic GC: Disabled
Heap:
 garbage-first heap   total reserved 2037760K, committed 90112K, used 65176K [0x0000000083a00000, 0x0000000100000000)
  region size 1024K, 22 young (22528K), 1 survivors (1024K)
GC Heap Usage History (20 events):
Event: 2.375 {heap Before GC invocations=1 (full 0):
 garbage-first heap   total reserved 2037760K, committed 131072K, used 57408K [0x0000000083a00000, 0x0000000100000000)
  region size 1024K, 51 young (52224K), 6 survivors (6144K)
}
Event: 2.382 {heap After GC invocations=2 (full 0):
 garbage-first heap   total reserved 2037760K, committed 131072K, used 17966K [0x0000000083a00000, 0x0000000100000000)
  region size 1024K, 4 young (4096K), 4 survivors (4096K)
}
Event: 3.309 {heap Before GC invocations=3 (full 0):
 garbage-first heap   total reserved 2037760K, committed 65536K, used 63022K [0x0000000083a00000, 0x0000000100000000)
  region size 1024K, 49 young (50176K), 4 survivors (4096K)
}
Event: 3.319 {heap After GC invocations=4 (full 0):
 garbage-first heap   total reserved 2037760K, committed 74752K, used 23086K [0x0000000083a00000, 0x0000000100000000)
  region size 1024K, 8 young (8192K), 8 survivors (8192K)
}
Event: 4.158 {heap Before GC invocations=4 (full 0):
 garbage-first heap   total reserved 2037760K, committed 74752K, used 52782K [0x0000000083a00000, 0x0000000100000000)
  region size 1024K, 37 young (37888K), 8 survivors (8192K)
}
Event: 4.170 {heap After GC invocations=5 (full 0):
 garbage-first heap   total reserved 2037760K, committed 74752K, used 26429K [0x0000000083a00000, 0x0000000100000000)
  region size 1024K, 3 young (3072K), 3 survivors (3072K)
}
Event: 4.733 {heap Before GC invocations=5 (full 0):
 garbage-first heap   total reserved 2037760K, committed 74752K, used 46909K [0x0000000083a00000, 0x0000000100000000)
  region size 1024K, 23 young (23552K), 3 survivors (3072K)
}
Event: 4.743 {heap After GC invocations=6 (full 0):
 garbage-first heap   total reserved 2037760K, committed 74752K, used 28056K [0x0000000083a00000, 0x0000000100000000)
  region size 1024K, 2 young (2048K), 2 survivors (2048K)
}
Event: 5.194 {heap Before GC invocations=7 (full 0):
 garbage-first heap   total reserved 2037760K, committed 74752K, used 58776K [0x0000000083a00000, 0x0000000100000000)
  region size 1024K, 32 young (32768K), 2 survivors (2048K)
}
Event: 5.199 {heap After GC invocations=8 (full 0):
 garbage-first heap   total reserved 2037760K, committed 74752K, used 28915K [0x0000000083a00000, 0x0000000100000000)
  region size 1024K, 3 young (3072K), 3 survivors (3072K)
}
Event: 6.027 {heap Before GC invocations=8 (full 0):
 garbage-first heap   total reserved 2037760K, committed 74752K, used 60659K [0x0000000083a00000, 0x0000000100000000)
  region size 1024K, 34 young (34816K), 3 survivors (3072K)
}
Event: 6.036 {heap After GC invocations=9 (full 0):
 garbage-first heap   total reserved 2037760K, committed 74752K, used 32182K [0x0000000083a00000, 0x0000000100000000)
  region size 1024K, 5 young (5120K), 5 survivors (5120K)
}
Event: 6.383 {heap Before GC invocations=9 (full 0):
 garbage-first heap   total reserved 2037760K, committed 74752K, used 61878K [0x0000000083a00000, 0x0000000100000000)
  region size 1024K, 34 young (34816K), 5 survivors (5120K)
}
Event: 6.389 {heap After GC invocations=10 (full 0):
 garbage-first heap   total reserved 2037760K, committed 90112K, used 36320K [0x0000000083a00000, 0x0000000100000000)
  region size 1024K, 5 young (5120K), 5 survivors (5120K)
}
Event: 7.516 {heap Before GC invocations=10 (full 0):
 garbage-first heap   total reserved 2037760K, committed 90112K, used 74208K [0x0000000083a00000, 0x0000000100000000)
  region size 1024K, 42 young (43008K), 5 survivors (5120K)
}
Event: 7.522 {heap After GC invocations=11 (full 0):
 garbage-first heap   total reserved 2037760K, committed 90112K, used 40545K [0x0000000083a00000, 0x0000000100000000)
  region size 1024K, 5 young (5120K), 5 survivors (5120K)
}
Event: 8.212 {heap Before GC invocations=11 (full 0):
 garbage-first heap   total reserved 2037760K, committed 90112K, used 75361K [0x0000000083a00000, 0x0000000100000000)
  region size 1024K, 39 young (39936K), 5 survivors (5120K)
}
Event: 8.218 {heap After GC invocations=12 (full 0):
 garbage-first heap   total reserved 2037760K, committed 90112K, used 43988K [0x0000000083a00000, 0x0000000100000000)
  region size 1024K, 4 young (4096K), 4 survivors (4096K)
}
Event: 29.448 {heap Before GC invocations=12 (full 0):
 garbage-first heap   total reserved 2037760K, committed 90112K, used 55252K [0x0000000083a00000, 0x0000000100000000)
  region size 1024K, 16 young (16384K), 4 survivors (4096K)
}
Event: 29.452 {heap After GC invocations=13 (full 0):
 garbage-first heap   total reserved 2037760K, committed 90112K, used 44696K [0x0000000083a00000, 0x0000000100000000)
  region size 1024K, 1 young (1024K), 1 survivors (1024K)
}

